<?xml version="1.0" encoding="UTF-8"?>
<testsuite name="com.kor.admiralty.ui.ShipFilterDiagnosticTest" tests="2" skipped="0" failures="0" errors="0" timestamp="2026-09-12T13:06:56.413Z" hostname="ENTERPRISE-J" time="0.002">
  <properties/>
  <testcase name="printsEveryShipInCanonicalOrderAndTheTotal()" classname="com.kor.admiralty.ui.ShipFilterDiagnosticTest" time="0.002"/>
  <testcase name="printsZeroTotalForNoShips()" classname="com.kor.admiralty.ui.ShipFilterDiagnosticTest" time="0.0"/>
  <system-out><![CDATA[]]></system-out>
  <system-err><![CDATA[]]></system-err>
</testsuite>
