<?xml version="1.0" encoding="UTF-8"?>
<testsuite name="com.kor.admiralty.io.GameDataTest" tests="15" skipped="0" failures="0" errors="0" timestamp="2026-09-12T13:06:55.610Z" hostname="ENTERPRISE-J" time="0.165">
  <properties/>
  <testcase name="bundledDataPreservesWindowsPunctuation()" classname="com.kor.admiralty.io.GameDataTest" time="0.045"/>
  <testcase name="malformedShipRecordThrowsCheckedLoadException()" classname="com.kor.admiralty.io.GameDataTest" time="0.011"/>
  <testcase name="legacyWindows1252GameDataDecodesWithoutReplacement()" classname="com.kor.admiralty.io.GameDataTest" time="0.009"/>
  <testcase name="starshipTraitLookupIsStableUnderTurkishDefaultLocale()" classname="com.kor.admiralty.io.GameDataTest" time="0.008"/>
  <testcase name="builderMatchesDirectoryLoadedLookupBehavior()" classname="com.kor.admiralty.io.GameDataTest" time="0.006"/>
  <testcase name="shipLookupFoldsCase()" classname="com.kor.admiralty.io.GameDataTest" time="0.006"/>
  <testcase name="malformedAssignmentRecordThrowsCheckedLoadException()" classname="com.kor.admiralty.io.GameDataTest" time="0.008"/>
  <testcase name="shipLookupFollowsRenamedShip()" classname="com.kor.admiralty.io.GameDataTest" time="0.007"/>
  <testcase name="unknownShipLookupReturnsNull()" classname="com.kor.admiralty.io.GameDataTest" time="0.006"/>
  <testcase name="loadedShipHasResolvedStarshipTrait()" classname="com.kor.admiralty.io.GameDataTest" time="0.007"/>
  <testcase name="bundledDataLoadsWithShipsEventsAndAssignments()" classname="com.kor.admiralty.io.GameDataTest" time="0.017"/>
  <testcase name="emptyShipsFileThrowsCheckedLoadException()" classname="com.kor.admiralty.io.GameDataTest" time="0.008"/>
  <testcase name="missingShipsFileThrowsCheckedLoadException()" classname="com.kor.admiralty.io.GameDataTest" time="0.01"/>
  <testcase name="malformedShipQuotingAfterValidRecordRejectsWholeFile()" classname="com.kor.admiralty.io.GameDataTest" time="0.007"/>
  <testcase name="malformedEventRecordThrowsCheckedLoadException()" classname="com.kor.admiralty.io.GameDataTest" time="0.008"/>
  <system-out><![CDATA[]]></system-out>
  <system-err><![CDATA[]]></system-err>
</testsuite>
