<?xml version="1.0" encoding="UTF-8"?>
<testsuite name="com.kor.admiralty.ui.TraitViewerTest" tests="4" skipped="0" failures="0" errors="0" timestamp="2026-09-12T13:06:56.886Z" hostname="ENTERPRISE-J" time="0.006">
  <properties/>
  <testcase name="classInitializationDoesNotRequireApplicationBootstrap()" classname="com.kor.admiralty.ui.TraitViewerTest" time="0.0"/>
  <testcase name="presentationRequiresEventDispatchThread()" classname="com.kor.admiralty.ui.TraitViewerTest" time="0.003"/>
  <testcase name="replacementRetainsOnlyTraitsInStableCanonicalOrder()" classname="com.kor.admiralty.ui.TraitViewerTest" time="0.001"/>
  <testcase name="gameDataTraitPresentationRetainsOrderingScrollingAndArtwork()" classname="com.kor.admiralty.ui.TraitViewerTest" time="0.002"/>
  <system-out><![CDATA[]]></system-out>
  <system-err><![CDATA[]]></system-err>
</testsuite>
