<?xml version="1.0" encoding="UTF-8"?>
<testsuite name="com.kor.admiralty.ArchitectureTest" tests="17" skipped="0" failures="0" errors="0" timestamp="2026-09-12T13:06:53.921Z" hostname="ENTERPRISE-J" time="1.063">
  <properties/>
  <testcase name="admiralWorkspacePathDoesNotImportApp()" classname="com.kor.admiralty.ArchitectureTest" time="0.66"/>
  <testcase name="headlessShipFilterImplementationStaysInsideItsModule()" classname="com.kor.admiralty.ArchitectureTest" time="0.051"/>
  <testcase name="obsoleteStandaloneGameDataDownloaderIsAbsent()" classname="com.kor.admiralty.ArchitectureTest" time="0.001"/>
  <testcase name="onlyAdmiralsStoreImportsJaxb()" classname="com.kor.admiralty.ArchitectureTest" time="0.031"/>
  <testcase name="sourceClosureFindsWildcardAndQualifiedHelpers(Path)" classname="com.kor.admiralty.ArchitectureTest" time="0.01"/>
  <testcase name="gameDataRefreshSourceClosureDoesNotReachUiSwingOrAwt()" classname="com.kor.admiralty.ArchitectureTest" time="0.056"/>
  <testcase name="admiralContainsNoDeploymentPresentationText()" classname="com.kor.admiralty.ArchitectureTest" time="0.0"/>
  <testcase name="assignmentEditorCannotRetainOrDirectlyBindMutableAssignment()" classname="com.kor.admiralty.ArchitectureTest" time="0.002"/>
  <testcase name="soleAdmiralPanelWorkspaceIsEnforced()" classname="com.kor.admiralty.ArchitectureTest" time="0.031"/>
  <testcase name="globalsDoesNotImportSwingOrAwt()" classname="com.kor.admiralty.ArchitectureTest" time="0.0"/>
  <testcase name="swingShipFilterImplementationStaysInsideItsModule()" classname="com.kor.admiralty.ArchitectureTest" time="0.112"/>
  <testcase name="productionExecutorSchedulesTheSuppliedGameDataRefresh()" classname="com.kor.admiralty.ArchitectureTest" time="0.0"/>
  <testcase name="retiredShipFilterPanelsAndListModelsRemainAbsent()" classname="com.kor.admiralty.ArchitectureTest" time="0.09"/>
  <testcase name="legacyStoreIsAbsentAndLowerLayersDoNotImportUi()" classname="com.kor.admiralty.ArchitectureTest" time="0.013"/>
  <testcase name="shipFilterModuleExposesOnlyItsNamedPublicSeams()" classname="com.kor.admiralty.ArchitectureTest" time="0.001"/>
  <testcase name="rosterSelectionAdapterDoesNotReferenceLegacyPanels()" classname="com.kor.admiralty.ArchitectureTest" time="0.0"/>
  <testcase name="runtimeAdmiralTypesDoNotImportJaxb()" classname="com.kor.admiralty.ArchitectureTest" time="0.001"/>
  <system-out><![CDATA[]]></system-out>
  <system-err><![CDATA[]]></system-err>
</testsuite>
