<?xml version="1.0" encoding="UTF-8"?>
<testsuite name="com.kor.admiralty.ui.DialogSelectionsTest" tests="4" skipped="0" failures="0" errors="0" timestamp="2026-09-12T13:06:56.412Z" hostname="ENTERPRISE-J" time="0.001">
  <properties/>
  <testcase name="windowCloseReturnsNoSelection()" classname="com.kor.admiralty.ui.DialogSelectionsTest" time="0.0"/>
  <testcase name="emptyAcceptanceReturnsNoSelection()" classname="com.kor.admiralty.ui.DialogSelectionsTest" time="0.001"/>
  <testcase name="cancellationReturnsNoSelection()" classname="com.kor.admiralty.ui.DialogSelectionsTest" time="0.0"/>
  <testcase name="acceptanceReturnsTheVisibleSelection()" classname="com.kor.admiralty.ui.DialogSelectionsTest" time="0.0"/>
  <system-out><![CDATA[]]></system-out>
  <system-err><![CDATA[]]></system-err>
</testsuite>
