<?xml version="1.0" encoding="UTF-8"?>
<testsuite name="com.kor.admiralty.beans.AdmiralsProjectionTest" tests="6" skipped="0" failures="0" errors="0" timestamp="2026-09-12T13:06:55.008Z" hostname="ENTERPRISE-J" time="0.004">
  <properties/>
  <testcase name="admiralsViewDoesNotExposeMutableContainerState()" classname="com.kor.admiralty.beans.AdmiralsProjectionTest" time="0.0"/>
  <testcase name="currentRosterShipTypesAreImmutableAcrossMultipleAdmirals()" classname="com.kor.admiralty.beans.AdmiralsProjectionTest" time="0.002"/>
  <testcase name="currentRosterShipTypesFollowRosterChangesWithoutRevalidation()" classname="com.kor.admiralty.beans.AdmiralsProjectionTest" time="0.0"/>
  <testcase name="usageRowsCombineCanonicalCountsWithCurrentRosterMembership()" classname="com.kor.admiralty.beans.AdmiralsProjectionTest" time="0.001"/>
  <testcase name="changingUsageSelectionRepeatedlyLeavesSharedAndPerAdmiralStateUnchanged()" classname="com.kor.admiralty.beans.AdmiralsProjectionTest" time="0.001"/>
  <testcase name="clearingUsageRetainsCurrentRosterRowsWithoutInvalidatingRosterRevision()" classname="com.kor.admiralty.beans.AdmiralsProjectionTest" time="0.0"/>
  <system-out><![CDATA[]]></system-out>
  <system-err><![CDATA[]]></system-err>
</testsuite>
