<?xml version="1.0" encoding="UTF-8"?>
<testsuite xmlns:xsi="http://www.w3.org/2001/XMLSchema-instance" xsi:noNamespaceSchemaLocation="https://maven.apache.org/surefire/maven-surefire-plugin/xsd/surefire-test-report.xsd" version="3.0.2" name="com.kor.admiralty.beans.AdmiralGameDataTest" time="0.049" tests="8" errors="0" skipped="0" failures="0">
  <properties>
[...]
</properties>
  <testcase name="replacingAdmiralsInAttachedContainerAttachesThem" classname="com.kor.admiralty.beans.AdmiralGameDataTest" time="0.024"/>
  <testcase name="validationCanonicalizesSavedShipNamesAndMarksKnownShipsOwned" classname="com.kor.admiralty.beans.AdmiralGameDataTest" time="0.001"/>
  <testcase name="lookupDependentOperationsThrowBeforeAttach" classname="com.kor.admiralty.beans.AdmiralGameDataTest" time="0.003"/>
  <testcase name="attachingContainerAttachesEveryExistingAdmiral" classname="com.kor.admiralty.beans.AdmiralGameDataTest" time="0.001"/>
  <testcase name="rosterViewsReturnShipsInSortedOrder" classname="com.kor.admiralty.beans.AdmiralGameDataTest" time="0.001"/>
  <testcase name="addingAdmiralToAttachedContainerAttachesIt" classname="com.kor.admiralty.beans.AdmiralGameDataTest" time="0.0"/>
  <testcase name="usageAggregationUsesAttachedGameData" classname="com.kor.admiralty.beans.AdmiralGameDataTest" time="0.0"/>
  <testcase name="usageAggregationThrowsBeforeContainerAttach" classname="com.kor.admiralty.beans.AdmiralGameDataTest" time="0.001"/>
</testsuite>