<?xml version="1.0" encoding="UTF-8"?>
<testsuite xmlns:xsi="http://www.w3.org/2001/XMLSchema-instance" xsi:noNamespaceSchemaLocation="https://maven.apache.org/surefire/maven-surefire-plugin/xsd/surefire-test-report.xsd" version="3.0.2" name="com.kor.admiralty.io.AdmiralsStoreTest" time="0.166" tests="5" errors="0" skipped="0" failures="0">
  <properties>
[...]
</properties>
  <testcase name="exportedShipNamesImportCanonicallyWithDifferentCasing" classname="com.kor.admiralty.io.AdmiralsStoreTest" time="0.116"/>
  <testcase name="constructingStorePropagatesJaxbInitializationFailure" classname="com.kor.admiralty.io.AdmiralsStoreTest" time="0.006"/>
  <testcase name="loadOrCreateWritesDefaultAdmiralsOnFirstRun" classname="com.kor.admiralty.io.AdmiralsStoreTest" time="0.008"/>
  <testcase name="corruptAdmiralsXmlThrowsCheckedException" classname="com.kor.admiralty.io.AdmiralsStoreTest" time="0.02"/>
  <testcase name="admiralsRoundTripThroughXml" classname="com.kor.admiralty.io.AdmiralsStoreTest" time="0.011"/>
</testsuite>